2021-07-26 16:43:12 INFO  Log:13 - Uygulamanın açılması kontrol edildi.
2021-07-26 16:43:12 INFO  Log:13 - Uygulamanın açılması kontrol edildi.
2021-07-26 16:43:12 INFO  Log:13 - Alisveris butonuna tiklandi.
2021-07-26 16:43:14 INFO  Log:13 - Anasayfa açıldı.
2021-07-26 16:43:15 INFO  Log:13 - Anasayfa açıldı.
2021-07-26 16:43:15 INFO  Log:13 - Kategoriler sayfasına tıklandı.
2021-07-26 16:43:17 INFO  Log:13 - kategoriler sayfası açıldı.
2021-07-26 16:43:18 INFO  Log:13 - kategoriler sayfası açıldı.
2021-07-26 16:43:18 INFO  Log:13 - Kadın kategorisine tıklandı
2021-07-26 16:43:19 INFO  Log:13 - Pantolon sekmesine tıklandı.
2021-07-26 16:43:20 INFO  Log:13 - Ekran kaydırıldı.
2021-07-26 16:43:21 INFO  Log:13 - Ekran kaydırıldı.
2021-07-26 16:43:22 INFO  Log:13 - Ekran kaydırıldı.
2021-07-26 16:43:24 INFO  Log:13 - Ekran kaydırıldı.
2021-07-26 16:43:25 INFO  Log:13 - Ekran kaydırıldı.
2021-07-26 16:43:25 INFO  Log:13 - Ekrandaki son ürün favorilere eklendi.
2021-07-26 16:43:26 INFO  Log:13 - Giriş yap ekranı doğrulandı.
2021-07-26 16:43:27 INFO  Log:13 - Giriş yap ekranı doğrulandı.
2021-07-26 16:43:27 INFO  Log:13 - Geri butonuna basıldı.
2021-07-26 16:43:28 INFO  Log:13 - Ürünler sayfasına geri dönüldü.
2021-07-26 16:43:28 INFO  Log:13 - Ürünler sayfasına geri dönüldü.
2021-07-26 16:43:28 INFO  Log:13 - Hesabım sayfasına gidildi.
2021-07-26 16:43:29 INFO  Log:13 - Giriş yap ekranı doğrulandı.
2021-07-26 16:43:29 INFO  Log:13 - Giriş yap ekranı doğrulandı.
2021-07-26 16:43:29 INFO  Log:13 - Geri butonuna basıldı.
2021-07-26 16:43:30 INFO  Log:13 - Ürünler sayfasına geri dönüldü.
2021-07-26 16:43:30 INFO  Log:13 - Ürünler sayfasına geri dönüldü.
2021-07-26 16:43:30 INFO  Log:13 - Sepetim sayfasına gidildi.
2021-07-26 16:43:31 INFO  Log:13 - Giriş yap ekranı doğrulandı.
2021-07-26 16:43:31 INFO  Log:13 - Giriş yap ekranı doğrulandı.
2021-07-26 16:43:31 INFO  Log:13 - !!UYGULAMA KAPATILDI!! 
