{"logLevel":"debug","message":"multithreading is set to false"}
{"logLevel":"debug","message":"Using reflection to scan dependencies for gauge implementations..."}
SLF4J: Failed to load class "org.slf4j.impl.StaticLoggerBinder".
SLF4J: Defaulting to no-operation (NOP) logger implementation
SLF4J: See http://www.slf4j.org/codes.html#StaticLoggerBinder for further details.
log4j:WARN No appenders could be found for logger (io.grpc.netty.shaded.io.netty.util.internal.logging.InternalLoggerFactory).
log4j:WARN Please initialize the log4j system properly.
log4j:WARN See http://logging.apache.org/log4j/1.2/faq.html#noconfig for more info.
{"logLevel":"debug","message":"gauge-java took 598milliseconds to load and scan. This should be less than 'runner_connection_timeout' config value."}
{"logLevel":"debug","message":"run 'gauge config runner_connection_timeout' and verify that it is < 598"}
{"logLevel":"debug","message":"starting gRPC server..."}
{"logLevel":"debug","message":"started gRPC server on port 60088"}
{"logLevel":"info","message":"Listening on port:60088"}
{"logLevel":"debug","message":"Scanning packages for steps"}
{"logLevel":"debug","message":"Comparing 'StepImplementation.swipeScreen' and 'StepImplementation.swipeScreen'"}
{"logLevel":"debug","message":"Found Ekranı kaydır in current project scope."}
{"logLevel":"debug","message":"Comparing 'StepImplementation.clickCartPage' and 'StepImplementation.clickCartPage'"}
{"logLevel":"debug","message":"Found Sepetim sayfasına tıklanır in current project scope."}
{"logLevel":"debug","message":"Comparing 'StepImplementation.clickLoginPage' and 'StepImplementation.clickLoginPage'"}
{"logLevel":"debug","message":"Found Hesabım ikonuna tıklanır in current project scope."}
{"logLevel":"debug","message":"Comparing 'StepImplementation.checkReturnPage' and 'StepImplementation.checkReturnPage'"}
{"logLevel":"debug","message":"Found ürünlerin yeniden listelendiği gözlemlenir in current project scope."}
{"logLevel":"debug","message":"Comparing 'StepImplementation.checkOpenActivity' and 'StepImplementation.checkOpenActivity'"}
{"logLevel":"debug","message":"Found Uygulama açılması kontrol edilir in current project scope."}
{"logLevel":"debug","message":"Comparing 'StepImplementation.checkMainPage' and 'StepImplementation.checkMainPage'"}
{"logLevel":"debug","message":"Found Alışveriş sayfasının açıldığı doğrulanır in current project scope."}
{"logLevel":"debug","message":"Comparing 'StepImplementation.checkLoginPage' and 'StepImplementation.checkLoginPage'"}
{"logLevel":"debug","message":"Found Giriş yap sayfasının açıldıgı kontrol edilir in current project scope."}
{"logLevel":"debug","message":"Comparing 'StepImplementation.categoiesPageClick' and 'StepImplementation.categoiesPageClick'"}
{"logLevel":"debug","message":"Found Kategoriler sayfası açılır in current project scope."}
{"logLevel":"debug","message":"Comparing 'StepImplementation.clickKadinElement' and 'StepImplementation.clickKadinElement'"}
{"logLevel":"debug","message":"Found Kadın seçeneğine tıklanır in current project scope."}
{"logLevel":"debug","message":"Comparing 'StepImplementation.clickPant' and 'StepImplementation.clickPant'"}
{"logLevel":"debug","message":"Found Pantolon sekmesi seçilir in current project scope."}
{"logLevel":"debug","message":"Comparing 'StepImplementation.waitForSecond' and 'StepImplementation.waitForSecond'"}
{"logLevel":"debug","message":"Found {} saniye kadar beklendi in current project scope."}
{"logLevel":"debug","message":"Comparing 'StepImplementation.checkCatPage' and 'StepImplementation.checkCatPage'"}
{"logLevel":"debug","message":"Found Kategoriler sayfası açıldığı doğrulanır. in current project scope."}
{"logLevel":"debug","message":"Comparing 'StepImplementation.clickBackButton' and 'StepImplementation.clickBackButton'"}
{"logLevel":"debug","message":"Found Geri butonuna basılır in current project scope."}
{"logLevel":"debug","message":"Comparing 'StepImplementation.clickAlisverisetTikla' and 'StepImplementation.clickAlisverisetTikla'"}
{"logLevel":"debug","message":"Found Alışveriş yap butonuna tıklanır in current project scope."}
{"logLevel":"debug","message":"Comparing 'StepImplementation.addFav' and 'StepImplementation.addFav'"}
{"logLevel":"debug","message":"Found Son ürünü favorilere ekle in current project scope."}
{"logLevel":"debug","message":"Scanning packages for hooks"}
{"logLevel":"debug","message":"Scanned steps (using static parsing + reflections): "}
{"logLevel":"debug","message":"\tKategoriler sayfası açılır : public void categoiesPageClick()"}
{"logLevel":"debug","message":"\tAlışveriş sayfasının açıldığı doğrulanır : public void checkMainPage()"}
{"logLevel":"debug","message":"\tGeri butonuna basılır : public void clickBackButton()"}
{"logLevel":"debug","message":"\türünlerin yeniden listelendiği gözlemlenir : public void checkReturnPage()"}
{"logLevel":"debug","message":"\tHesabım ikonuna tıklanır : public void clickLoginPage()"}
{"logLevel":"debug","message":"\tSepetim sayfasına tıklanır : public void clickCartPage()"}
{"logLevel":"debug","message":"\tGiriş yap sayfasının açıldıgı kontrol edilir : public void checkLoginPage()"}
{"logLevel":"debug","message":"\t{} saniye kadar beklendi : public void waitForSecond(ınt x) throws InterruptedException"}
{"logLevel":"debug","message":"\tPantolon sekmesi seçilir : public void clickPant()"}
{"logLevel":"debug","message":"\tSon ürünü favorilere ekle : public void addFav()"}
{"logLevel":"debug","message":"\tKategoriler sayfası açıldığı doğrulanır. : public void checkCatPage()"}
{"logLevel":"debug","message":"\tUygulama açılması kontrol edilir : public void checkOpenActivity()"}
{"logLevel":"debug","message":"\tAlışveriş yap butonuna tıklanır : public void clickAlisverisetTikla()"}
{"logLevel":"debug","message":"\tKadın seçeneğine tıklanır : public void clickKadinElement()"}
{"logLevel":"debug","message":"\tEkranı kaydır : public void swipeScreen()"}
log4j: reset attribute= "false".
log4j: Threshold ="null".
log4j: Level value for root is  [INFO].
log4j: root level set to INFO
log4j: Class name: [org.apache.log4j.ConsoleAppender]
log4j: Setting property [target] to [System.out].
log4j: Parsing layout of class: "org.apache.log4j.PatternLayout"
log4j: Setting property [conversionPattern] to [%d{yyyy-MM-dd HH:mm:ss} %-5p %c{1}:%L - %m%n].
log4j: Adding appender named [console] to category [root].
log4j: Class name: [org.apache.log4j.RollingFileAppender]
log4j: Setting property [file] to [logging.log].
log4j: Setting property [append] to [false].
log4j: Parsing layout of class: "org.apache.log4j.PatternLayout"
log4j: Setting property [conversionPattern] to [%d{yyyy-MM-dd HH:mm:ss} %-5p %c{1}:%L - %m%n].
log4j: setFile called: logging.log, false
log4j: setFile ended
log4j: Adding appender named [fileAppender] to category [root].
Tem 24, 2021 12:27:57 AM io.appium.java_client.remote.AppiumCommandExecutor$1 lambda$0
INFO: Detected dialect: W3C
{"logLevel":"debug","message":"Executing 'Uygulama açılması kontrol edilir' using 'class StepImplementation.checkOpenActivity"}
log4j: System property is :null
log4j: Standard DocumentBuilderFactory search succeded.
log4j: DocumentBuilderFactory is: com.sun.org.apache.xerces.internal.jaxp.DocumentBuilderFactoryImpl
log4j: debug attribute= "true".
log4j: reset attribute= "false".
log4j: Threshold ="null".
log4j: Level value for root is  [INFO].
log4j: root level set to INFO
log4j: Class name: [org.apache.log4j.ConsoleAppender]
log4j: Setting property [target] to [System.out].
log4j: Parsing layout of class: "org.apache.log4j.PatternLayout"
log4j: Setting property [conversionPattern] to [%d{yyyy-MM-dd HH:mm:ss} %-5p %c{1}:%L - %m%n].
log4j: Adding appender named [console] to category [root].
log4j: Class name: [org.apache.log4j.RollingFileAppender]
log4j: Setting property [file] to [logging.log].
log4j: Setting property [append] to [false].
log4j: Parsing layout of class: "org.apache.log4j.PatternLayout"
log4j: Setting property [conversionPattern] to [%d{yyyy-MM-dd HH:mm:ss} %-5p %c{1}:%L - %m%n].
log4j: setFile called: logging.log, false
log4j: setFile ended
log4j: Adding appender named [fileAppender] to category [root].
log4j: System property is :null
log4j: Standard DocumentBuilderFactory search succeded.
log4j: DocumentBuilderFactory is: com.sun.org.apache.xerces.internal.jaxp.DocumentBuilderFactoryImpl
log4j: debug attribute= "true".
log4j: reset attribute= "false".
log4j: Threshold ="null".
log4j: Level value for root is  [INFO].
log4j: root level set to INFO
log4j: Class name: [org.apache.log4j.ConsoleAppender]
log4j: Setting property [target] to [System.out].
log4j: Parsing layout of class: "org.apache.log4j.PatternLayout"
log4j: Setting property [conversionPattern] to [%d{yyyy-MM-dd HH:mm:ss} %-5p %c{1}:%L - %m%n].
log4j: Adding appender named [console] to category [root].
log4j: Class name: [org.apache.log4j.RollingFileAppender]
log4j: Setting property [file] to [logging.log].
log4j: Setting property [append] to [false].
log4j: Parsing layout of class: "org.apache.log4j.PatternLayout"
log4j: Setting property [conversionPattern] to [%d{yyyy-MM-dd HH:mm:ss} %-5p %c{1}:%L - %m%n].
log4j: setFile called: logging.log, false
log4j: setFile ended
log4j: Adding appender named [fileAppender] to category [root].
log4j: System property is :null
log4j: Standard DocumentBuilderFactory search succeded.
log4j: DocumentBuilderFactory is: com.sun.org.apache.xerces.internal.jaxp.DocumentBuilderFactoryImpl
log4j: debug attribute= "true".
log4j: reset attribute= "false".
log4j: Threshold ="null".
log4j: Level value for root is  [INFO].
log4j: root level set to INFO
log4j: Class name: [org.apache.log4j.ConsoleAppender]
log4j: Setting property [target] to [System.out].
log4j: Parsing layout of class: "org.apache.log4j.PatternLayout"
log4j: Setting property [conversionPattern] to [%d{yyyy-MM-dd HH:mm:ss} %-5p %c{1}:%L - %m%n].
log4j: Adding appender named [console] to category [root].
log4j: Class name: [org.apache.log4j.RollingFileAppender]
log4j: Setting property [file] to [logging.log].
log4j: Setting property [append] to [false].
log4j: Parsing layout of class: "org.apache.log4j.PatternLayout"
log4j: Setting property [conversionPattern] to [%d{yyyy-MM-dd HH:mm:ss} %-5p %c{1}:%L - %m%n].
log4j: setFile called: logging.log, false
log4j: setFile ended
log4j: Adding appender named [fileAppender] to category [root].
log4j: System property is :null
log4j: Standard DocumentBuilderFactory search succeded.
log4j: DocumentBuilderFactory is: com.sun.org.apache.xerces.internal.jaxp.DocumentBuilderFactoryImpl
log4j: debug attribute= "true".
log4j: reset attribute= "false".
log4j: Threshold ="null".
log4j: Level value for root is  [INFO].
log4j: root level set to INFO
log4j: Class name: [org.apache.log4j.ConsoleAppender]
log4j: Setting property [target] to [System.out].
log4j: Parsing layout of class: "org.apache.log4j.PatternLayout"
log4j: Setting property [conversionPattern] to [%d{yyyy-MM-dd HH:mm:ss} %-5p %c{1}:%L - %m%n].
log4j: Adding appender named [console] to category [root].
log4j: Class name: [org.apache.log4j.RollingFileAppender]
log4j: Setting property [file] to [logging.log].
log4j: Setting property [append] to [false].
log4j: Parsing layout of class: "org.apache.log4j.PatternLayout"
log4j: Setting property [conversionPattern] to [%d{yyyy-MM-dd HH:mm:ss} %-5p %c{1}:%L - %m%n].
log4j: setFile called: logging.log, false
log4j: setFile ended
log4j: Adding appender named [fileAppender] to category [root].
log4j: System property is :null
log4j: Standard DocumentBuilderFactory search succeded.
log4j: DocumentBuilderFactory is: com.sun.org.apache.xerces.internal.jaxp.DocumentBuilderFactoryImpl
log4j: debug attribute= "true".
log4j: reset attribute= "false".
log4j: Threshold ="null".
log4j: Level value for root is  [INFO].
log4j: root level set to INFO
log4j: Class name: [org.apache.log4j.ConsoleAppender]
log4j: Setting property [target] to [System.out].
log4j: Parsing layout of class: "org.apache.log4j.PatternLayout"
log4j: Setting property [conversionPattern] to [%d{yyyy-MM-dd HH:mm:ss} %-5p %c{1}:%L - %m%n].
log4j: Adding appender named [console] to category [root].
log4j: Class name: [org.apache.log4j.RollingFileAppender]
log4j: Setting property [file] to [logging.log].
log4j: Setting property [append] to [false].
log4j: Parsing layout of class: "org.apache.log4j.PatternLayout"
log4j: Setting property [conversionPattern] to [%d{yyyy-MM-dd HH:mm:ss} %-5p %c{1}:%L - %m%n].
log4j: setFile called: logging.log, false
log4j: setFile ended
log4j: Adding appender named [fileAppender] to category [root].
log4j: System property is :null
log4j: Standard DocumentBuilderFactory search succeded.
log4j: DocumentBuilderFactory is: com.sun.org.apache.xerces.internal.jaxp.DocumentBuilderFactoryImpl
log4j: debug attribute= "true".
log4j: reset attribute= "false".
log4j: Threshold ="null".
log4j: Level value for root is  [INFO].
log4j: root level set to INFO
log4j: Class name: [org.apache.log4j.ConsoleAppender]
log4j: Setting property [target] to [System.out].
log4j: Parsing layout of class: "org.apache.log4j.PatternLayout"
log4j: Setting property [conversionPattern] to [%d{yyyy-MM-dd HH:mm:ss} %-5p %c{1}:%L - %m%n].
log4j: Adding appender named [console] to category [root].
log4j: Class name: [org.apache.log4j.RollingFileAppender]
log4j: Setting property [file] to [logging.log].
log4j: Setting property [append] to [false].
log4j: Parsing layout of class: "org.apache.log4j.PatternLayout"
log4j: Setting property [conversionPattern] to [%d{yyyy-MM-dd HH:mm:ss} %-5p %c{1}:%L - %m%n].
log4j: setFile called: logging.log, false
log4j: setFile ended
log4j: Adding appender named [fileAppender] to category [root].
log4j: System property is :null
log4j: Standard DocumentBuilderFactory search succeded.
log4j: DocumentBuilderFactory is: com.sun.org.apache.xerces.internal.jaxp.DocumentBuilderFactoryImpl
log4j: debug attribute= "true".
log4j: reset attribute= "false".
log4j: Threshold ="null".
log4j: Level value for root is  [INFO].
log4j: root level set to INFO
log4j: Class name: [org.apache.log4j.ConsoleAppender]
log4j: Setting property [target] to [System.out].
log4j: Parsing layout of class: "org.apache.log4j.PatternLayout"
log4j: Setting property [conversionPattern] to [%d{yyyy-MM-dd HH:mm:ss} %-5p %c{1}:%L - %m%n].
log4j: Adding appender named [console] to category [root].
log4j: Class name: [org.apache.log4j.RollingFileAppender]
log4j: Setting property [file] to [logging.log].
log4j: Setting property [append] to [false].
log4j: Parsing layout of class: "org.apache.log4j.PatternLayout"
log4j: Setting property [conversionPattern] to [%d{yyyy-MM-dd HH:mm:ss} %-5p %c{1}:%L - %m%n].
log4j: setFile called: logging.log, false
log4j: setFile ended
log4j: Adding appender named [fileAppender] to category [root].
log4j: System property is :null
log4j: Standard DocumentBuilderFactory search succeded.
log4j: DocumentBuilderFactory is: com.sun.org.apache.xerces.internal.jaxp.DocumentBuilderFactoryImpl
log4j: debug attribute= "true".
log4j: reset attribute= "false".
log4j: Threshold ="null".
log4j: Level value for root is  [INFO].
log4j: root level set to INFO
log4j: Class name: [org.apache.log4j.ConsoleAppender]
log4j: Setting property [target] to [System.out].
log4j: Parsing layout of class: "org.apache.log4j.PatternLayout"
log4j: Setting property [conversionPattern] to [%d{yyyy-MM-dd HH:mm:ss} %-5p %c{1}:%L - %m%n].
log4j: Adding appender named [console] to category [root].
log4j: Class name: [org.apache.log4j.RollingFileAppender]
log4j: Setting property [file] to [logging.log].
log4j: Setting property [append] to [false].
log4j: Parsing layout of class: "org.apache.log4j.PatternLayout"
log4j: Setting property [conversionPattern] to [%d{yyyy-MM-dd HH:mm:ss} %-5p %c{1}:%L - %m%n].
log4j: setFile called: logging.log, false
log4j: setFile ended
log4j: Adding appender named [fileAppender] to category [root].
log4j: System property is :null
log4j: Standard DocumentBuilderFactory search succeded.
log4j: DocumentBuilderFactory is: com.sun.org.apache.xerces.internal.jaxp.DocumentBuilderFactoryImpl
log4j: debug attribute= "true".
log4j: reset attribute= "false".
log4j: Threshold ="null".
log4j: Level value for root is  [INFO].
log4j: root level set to INFO
log4j: Class name: [org.apache.log4j.ConsoleAppender]
log4j: Setting property [target] to [System.out].
log4j: Parsing layout of class: "org.apache.log4j.PatternLayout"
log4j: Setting property [conversionPattern] to [%d{yyyy-MM-dd HH:mm:ss} %-5p %c{1}:%L - %m%n].
log4j: Adding appender named [console] to category [root].
log4j: Class name: [org.apache.log4j.RollingFileAppender]
log4j: Setting property [file] to [logging.log].
log4j: Setting property [append] to [false].
log4j: Parsing layout of class: "org.apache.log4j.PatternLayout"
log4j: Setting property [conversionPattern] to [%d{yyyy-MM-dd HH:mm:ss} %-5p %c{1}:%L - %m%n].
log4j: setFile called: logging.log, false
log4j: setFile ended
log4j: Adding appender named [fileAppender] to category [root].
log4j: System property is :null
log4j: Standard DocumentBuilderFactory search succeded.
log4j: DocumentBuilderFactory is: com.sun.org.apache.xerces.internal.jaxp.DocumentBuilderFactoryImpl
log4j: debug attribute= "true".
log4j: reset attribute= "false".
log4j: Threshold ="null".
log4j: Level value for root is  [INFO].
log4j: root level set to INFO
log4j: Class name: [org.apache.log4j.ConsoleAppender]
log4j: Setting property [target] to [System.out].
log4j: Parsing layout of class: "org.apache.log4j.PatternLayout"
log4j: Setting property [conversionPattern] to [%d{yyyy-MM-dd HH:mm:ss} %-5p %c{1}:%L - %m%n].
log4j: Adding appender named [console] to category [root].
log4j: Class name: [org.apache.log4j.RollingFileAppender]
log4j: Setting property [file] to [logging.log].
log4j: Setting property [append] to [false].
log4j: Parsing layout of class: "org.apache.log4j.PatternLayout"
log4j: Setting property [conversionPattern] to [%d{yyyy-MM-dd HH:mm:ss} %-5p %c{1}:%L - %m%n].
log4j: setFile called: logging.log, false
log4j: setFile ended
log4j: Adding appender named [fileAppender] to category [root].
log4j: System property is :null
log4j: Standard DocumentBuilderFactory search succeded.
log4j: DocumentBuilderFactory is: com.sun.org.apache.xerces.internal.jaxp.DocumentBuilderFactoryImpl
log4j: debug attribute= "true".
log4j: reset attribute= "false".
log4j: Threshold ="null".
log4j: Level value for root is  [INFO].
log4j: root level set to INFO
log4j: Class name: [org.apache.log4j.ConsoleAppender]
log4j: Setting property [target] to [System.out].
log4j: Parsing layout of class: "org.apache.log4j.PatternLayout"
log4j: Setting property [conversionPattern] to [%d{yyyy-MM-dd HH:mm:ss} %-5p %c{1}:%L - %m%n].
log4j: Adding appender named [console] to category [root].
log4j: Class name: [org.apache.log4j.RollingFileAppender]
log4j: Setting property [file] to [logging.log].
log4j: Setting property [append] to [false].
log4j: Parsing layout of class: "org.apache.log4j.PatternLayout"
log4j: Setting property [conversionPattern] to [%d{yyyy-MM-dd HH:mm:ss} %-5p %c{1}:%L - %m%n].
log4j: setFile called: logging.log, false
log4j: setFile ended
log4j: Adding appender named [fileAppender] to category [root].
