{"logLevel":"debug","message":"multithreading is set to false"}
{"logLevel":"debug","message":"Using reflection to scan dependencies for gauge implementations..."}
log4j:WARN No appenders could be found for logger (io.grpc.netty.shaded.io.netty.util.internal.logging.InternalLoggerFactory).
log4j:WARN Please initialize the log4j system properly.
log4j:WARN See http://logging.apache.org/log4j/1.2/faq.html#noconfig for more info.
{"logLevel":"debug","message":"gauge-java took 585milliseconds to load and scan. This should be less than 'runner_connection_timeout' config value."}
{"logLevel":"debug","message":"run 'gauge config runner_connection_timeout' and verify that it is < 585"}
{"logLevel":"debug","message":"starting gRPC server..."}
{"logLevel":"debug","message":"started gRPC server on port 62646"}
{"logLevel":"info","message":"Listening on port:62646"}
{"logLevel":"debug","message":"Scanning packages for steps"}
{"logLevel":"debug","message":"Comparing 'StepImplementation.waitForSecond' and 'StepImplementation.waitForSecond'"}
{"logLevel":"debug","message":"Found {} saniye kadar beklendi in current project scope."}
{"logLevel":"debug","message":"Comparing 'StepImplementation.clickAlisverisetTikla' and 'StepImplementation.clickAlisverisetTikla'"}
{"logLevel":"debug","message":"Found Alisverise basla {} in current project scope."}
{"logLevel":"debug","message":"Comparing 'StepImplementation.bekle' and 'StepImplementation.bekle'"}
{"logLevel":"debug","message":"Found {} sn bekle in current project scope."}
{"logLevel":"debug","message":"Scanning packages for hooks"}
{"logLevel":"debug","message":"Scanned steps (using static parsing + reflections): "}
{"logLevel":"debug","message":"\tAlisverise basla {} : public void clickAlisverisetTikla(String id)"}
{"logLevel":"debug","message":"\t{} sn bekle : public void bekle(ınt x) throws InterruptedException"}
{"logLevel":"debug","message":"\t{} saniye kadar beklendi : public void waitForSecond(ınt x) throws InterruptedException"}
Tem 23, 2021 12:13:14 AM io.appium.java_client.remote.AppiumCommandExecutor$1 lambda$0
INFO: Detected dialect: W3C
{"logLevel":"debug","message":"Executing '{} saniye kadar beklendi' using 'class StepImplementation.waitForSecond"}
5saniye kadar beklendi
{"logLevel":"debug","message":"Executing 'Alisverise basla {}' using 'class StepImplementation.clickAlisverisetTikla"}
Alışverise basla  tıklandı
{"logLevel":"debug","message":"Executing '{} saniye kadar beklendi' using 'class StepImplementation.waitForSecond"}
2saniye kadar beklendi
{"logLevel":"debug","message":"Killing Java runner..."}
{"logLevel":"debug","message":"Stopping execution pool..."}
{"logLevel":"debug","message":"Shutting down grpc server..."}
{"logLevel":"debug","message":"Runner killed gracefully."}
